[ 50%] [32mBuilding CXX object CMakeFiles/talker.dir/src/publisher_control_rc.cpp.o[0m
[01m[K/home/wilson/saurcon_ws/src/control_rc/src/publisher_control_rc.cpp:[m[K In constructor â€˜[01m[KMinimalPublisher::[01;32m[KMinimalPublisher[m[K()[m[Kâ€™:
[01m[K/home/wilson/saurcon_ws/src/control_rc/src/publisher_control_rc.cpp:21:56:[m[K [01;31m[Kerror: [m[Kâ€˜[01m[KFlo[m[Kâ€™ is not a member of â€˜[01m[Kstd_msgs::msg[m[Kâ€™
   21 |     publisher_ = this->create_publisher<std_msgs::msg::[01;31m[KFlo[m[K>("topic", 10);
      |                                                        [01;31m[K^~~[m[K
[01m[K/home/wilson/saurcon_ws/src/control_rc/src/publisher_control_rc.cpp:21:60:[m[K [01;31m[Kerror: [m[Kno matching function for call to â€˜[01m[KMinimalPublisher::create_publisher<<expression error> >(const char [6], int)[m[Kâ€™
   21 |     publisher_ = [01;31m[Kthis->create_publisher<std_msgs::msg::Flo>("topic", 10)[m[K;
      |                  [01;31m[K~~~~~~~~~~~~~~~~~~~~~~~~~~~~~~~~~~~~~~~~~~^~~~~~~~~~~~~[m[K
In file included from [01m[K/opt/ros/jazzy/include/rclcpp/rclcpp/executors/single_threaded_executor.hpp:28[m[K,
                 from [01m[K/opt/ros/jazzy/include/rclcpp/rclcpp/executors.hpp:22[m[K,
                 from [01m[K/opt/ros/jazzy/include/rclcpp/rclcpp/rclcpp.hpp:172[m[K,
                 from [01m[K/home/wilson/saurcon_ws/src/control_rc/src/publisher_control_rc.cpp:5[m[K:
[01m[K/opt/ros/jazzy/include/rclcpp/rclcpp/node.hpp:197:3:[m[K [01;36m[Knote: [m[Kcandidate: â€˜[01m[Ktemplate<class MessageT, class AllocatorT, class PublisherT> std::shared_ptr<PublisherT> rclcpp::Node::[01;32m[Kcreate_publisher[m[K(const std::string&, const rclcpp::QoS&, const rclcpp::PublisherOptionsWithAllocator<AllocatorT>&)[m[Kâ€™
  197 |   [01;36m[Kcreate_publisher[m[K(
      |   [01;36m[K^~~~~~~~~~~~~~~~[m[K
[01m[K/opt/ros/jazzy/include/rclcpp/rclcpp/node.hpp:197:3:[m[K [01;36m[Knote: [m[K  template argument deduction/substitution failed:
[01m[K/home/wilson/saurcon_ws/src/control_rc/src/publisher_control_rc.cpp:21:60:[m[K [01;31m[Kerror: [m[Ktemplate argument 1 is invalid
   21 |     publisher_ = [01;31m[Kthis->create_publisher<std_msgs::msg::Flo>("topic", 10)[m[K;
      |                  [01;31m[K~~~~~~~~~~~~~~~~~~~~~~~~~~~~~~~~~~~~~~~~~~^~~~~~~~~~~~~[m[K
gmake[2]: *** [CMakeFiles/talker.dir/build.make:76: CMakeFiles/talker.dir/src/publisher_control_rc.cpp.o] Error 1
gmake[1]: *** [CMakeFiles/Makefile2:137: CMakeFiles/talker.dir/all] Error 2
gmake: *** [Makefile:146: all] Error 2
